<?xml version="1.0" encoding="UTF-8"?>
<!-- Generated by org.testng.reporters.JUnitReportReporter -->
<testsuite hostname="LAPTOP-9R4SRQNE" failures="0" tests="1" name="Parameterized.DifferentBrowsers" time="8.507" errors="0" timestamp="2024-01-31T11:11:56 IST" skipped="0">
  <testcase classname="Parameterized.DifferentBrowsers" name="browsers" time="8.507">
    <system-out>
      <![CDATA[edgeBrowser]]>
    </system-out>
  </testcase> <!-- browsers -->
  <system-out>
    <![CDATA[edgeBrowser]]>
  </system-out>
</testsuite> <!-- Parameterized.DifferentBrowsers -->
