<?xml version="1.0" encoding="UTF-8"?>
<!-- Generated by org.testng.reporters.JUnitReportReporter -->
<testsuite hostname="LAPTOP-9R4SRQNE" failures="0" tests="1" name="Bike_TestNg.Hero" time="18.697" errors="0" timestamp="2024-01-26T11:39:01 IST" skipped="0">
  <testcase classname="Bike_TestNg.Hero" name="heroBike" time="18.697"/>
</testsuite> <!-- Bike_TestNg.Hero -->
