<?xml version="1.0" encoding="UTF-8"?>
<!-- Generated by org.testng.reporters.JUnitReportReporter -->
<testsuite hostname="LAPTOP-9R4SRQNE" failures="0" tests="1" name="Bike_TestNg.RoyalEnfield" time="84.425" errors="0" timestamp="2024-01-26T11:16:53 IST" skipped="0">
  <testcase classname="Bike_TestNg.RoyalEnfield" name="royal" time="84.425"/>
</testsuite> <!-- Bike_TestNg.RoyalEnfield -->
