<?xml version="1.0" encoding="UTF-8"?>
<!-- Generated by org.testng.reporters.JUnitReportReporter -->
<testsuite hostname="LAPTOP-9R4SRQNE" failures="0" tests="5" name="TestNg1.Priority" time="59.210" errors="0" timestamp="2024-01-24T11:46:40 IST" skipped="0">
  <testcase classname="TestNg1.Priority" name="redBus" time="8.881"/>
  <testcase classname="TestNg1.Priority" name="dws" time="7.250"/>
  <testcase classname="TestNg1.Priority" name="bmw" time="8.234"/>
  <testcase classname="TestNg1.Priority" name="agoda" time="16.811"/>
  <testcase classname="TestNg1.Priority" name="royalEnfield" time="18.034"/>
</testsuite> <!-- TestNg1.Priority -->
