<?xml version="1.0" encoding="UTF-8"?>
<!-- Generated by org.testng.reporters.JUnitReportReporter -->
<testsuite hostname="LAPTOP-9R4SRQNE" failures="0" tests="1" name="Shoes_TestNg.Puma" time="9.396" errors="0" timestamp="2024-01-26T11:39:01 IST" skipped="0">
  <testcase classname="Shoes_TestNg.Puma" name="pumaShoes" time="9.396"/>
</testsuite> <!-- Shoes_TestNg.Puma -->
