<?xml version="1.0" encoding="UTF-8"?>
<!-- Generated by org.testng.reporters.JUnitReportReporter -->
<testsuite hostname="LAPTOP-9R4SRQNE" failures="0" tests="1" name="Shoes_TestNg.Nike" time="84.973" errors="0" timestamp="2024-01-26T11:16:53 IST" skipped="0">
  <testcase classname="Shoes_TestNg.Nike" name="nikeShoes" time="84.973"/>
</testsuite> <!-- Shoes_TestNg.Nike -->
