<?xml version="1.0" encoding="UTF-8"?>
<!-- Generated by org.testng.reporters.JUnitReportReporter -->
<testsuite hostname="LAPTOP-9R4SRQNE" failures="0" tests="1" name="POM.ExecuteDWSRegisterPage" time="13.987" errors="0" timestamp="2024-02-01T23:29:09 IST" skipped="0">
  <testcase classname="POM.ExecuteDWSRegisterPage" name="receiver" time="13.987"/>
</testsuite> <!-- POM.ExecuteDWSRegisterPage -->
