<?xml version="1.0" encoding="UTF-8"?>
<!-- Generated by org.testng.reporters.JUnitReportReporter -->
<testsuite hostname="LAPTOP-9R4SRQNE" failures="0" tests="2" name="FetchDataFromExternalFiles.FetchDataFromExcel" time="17.549" errors="0" timestamp="2024-01-30T22:13:02 IST" skipped="0">
  <testcase classname="FetchDataFromExternalFiles.FetchDataFromExcel" name="receiver" time="8.420"/>
  <testcase classname="FetchDataFromExternalFiles.FetchDataFromExcel" name="receiver" time="9.129"/>
</testsuite> <!-- FetchDataFromExternalFiles.FetchDataFromExcel -->
