<?xml version="1.0" encoding="UTF-8"?>
<!-- Generated by org.testng.reporters.JUnitReportReporter -->
<testsuite hostname="LAPTOP-9R4SRQNE" failures="0" tests="2" name="Parameterized.UrlParameterized" time="18.783" errors="0" timestamp="2024-01-31T10:37:42 IST" skipped="0">
  <testcase classname="Parameterized.UrlParameterized" name="dws1" time="9.338"/>
  <testcase classname="Parameterized.UrlParameterized" name="dws" time="9.445"/>
</testsuite> <!-- Parameterized.UrlParameterized -->
