<?xml version="1.0" encoding="UTF-8"?>
<!-- Generated by org.testng.reporters.JUnitReportReporter -->
<testsuite hostname="LAPTOP-9R4SRQNE" failures="0" tests="2" name="TestNg1.ChronogicalOrder" time="0.025" errors="0" timestamp="2024-01-25T10:51:47 IST" skipped="0">
  <testcase classname="TestNg1.ChronogicalOrder" name="test11" time="0.010"/>
  <testcase classname="TestNg1.ChronogicalOrder" name="test" time="0.015"/>
</testsuite> <!-- TestNg1.ChronogicalOrder -->
