<?xml version="1.0" encoding="UTF-8"?>
<!-- Generated by org.testng.reporters.JUnitReportReporter -->
<testsuite hostname="LAPTOP-9R4SRQNE" failures="0" tests="1" name="Shoes_TestNg.Adidas" time="82.796" errors="0" timestamp="2024-01-26T11:16:53 IST" skipped="0">
  <testcase classname="Shoes_TestNg.Adidas" name="adidasShoes" time="82.796"/>
</testsuite> <!-- Shoes_TestNg.Adidas -->
