<?xml version="1.0" encoding="UTF-8"?>
<!-- Generated by org.testng.reporters.JUnitReportReporter -->
<testsuite hostname="LAPTOP-9R4SRQNE" failures="0" tests="1" name="FetchDataFromExternalFiles.FetchDataFromExternalFile" time="17.430" errors="0" timestamp="2024-01-30T22:31:05 IST" skipped="0">
  <testcase classname="FetchDataFromExternalFiles.FetchDataFromExternalFile" name="loginDWS" time="17.430"/>
</testsuite> <!-- FetchDataFromExternalFiles.FetchDataFromExternalFile -->
