<?xml version="1.0" encoding="UTF-8"?>
<!-- Generated by org.testng.reporters.JUnitReportReporter -->
<testsuite hostname="LAPTOP-9R4SRQNE" failures="0" tests="1" name="POM.ExecuteDWSLoginPage" time="14.558" errors="0" timestamp="2024-02-01T23:07:57 IST" skipped="0">
  <testcase classname="POM.ExecuteDWSLoginPage" name="receiver" time="14.558"/>
</testsuite> <!-- POM.ExecuteDWSLoginPage -->
