<?xml version="1.0" encoding="UTF-8"?>
<!-- Generated by org.testng.reporters.JUnitReportReporter -->
<testsuite hostname="LAPTOP-9R4SRQNE" failures="0" tests="1" name="POM.ExecuteDWSHomePage" time="12.132" errors="0" timestamp="2024-02-01T22:41:40 IST" skipped="0">
  <testcase classname="POM.ExecuteDWSHomePage" name="receiver" time="12.132"/>
</testsuite> <!-- POM.ExecuteDWSHomePage -->
