<?xml version="1.0" encoding="UTF-8"?>
<!-- Generated by org.testng.reporters.JUnitReportReporter -->
<testsuite hostname="LAPTOP-9R4SRQNE" failures="0" tests="1" name="TestNg1.FetchDataFromExternalFile" time="23.790" errors="0" timestamp="2024-01-30T11:16:34 IST" skipped="0">
  <testcase classname="TestNg1.FetchDataFromExternalFile" name="loginDWS" time="23.790"/>
</testsuite> <!-- TestNg1.FetchDataFromExternalFile -->
