<?xml version="1.0" encoding="UTF-8"?>
<!-- Generated by org.testng.reporters.JUnitReportReporter -->
<testsuite hostname="LAPTOP-9R4SRQNE" failures="0" tests="3" name="TestNg1.DemoWebShopTestNg" time="9.154" errors="0" timestamp="2024-01-24T11:20:55 IST" skipped="0">
  <testcase classname="TestNg1.DemoWebShopTestNg" name="z1" time="0.001"/>
  <testcase classname="TestNg1.DemoWebShopTestNg" name="x1" time="0.008"/>
  <testcase classname="TestNg1.DemoWebShopTestNg" name="m1" time="9.145"/>
</testsuite> <!-- TestNg1.DemoWebShopTestNg -->
