<?xml version="1.0" encoding="UTF-8"?>
<!-- Generated by org.testng.reporters.JUnitReportReporter -->
<testsuite hostname="LAPTOP-9R4SRQNE" failures="0" tests="4" name="TestNg1.DependsOnMethod" time="31.055" errors="0" timestamp="2024-01-29T09:21:22 IST" skipped="0">
  <testcase classname="TestNg1.DependsOnMethod" name="ktmBike" time="6.662"/>
  <testcase classname="TestNg1.DependsOnMethod" name="heroBike" time="12.194"/>
  <testcase classname="TestNg1.DependsOnMethod" name="pumaShoes" time="6.550"/>
  <testcase classname="TestNg1.DependsOnMethod" name="yamahaBike" time="5.649"/>
</testsuite> <!-- TestNg1.DependsOnMethod -->
